2019-04-19 13:42:18,943:INFO: Task name: Fisher Iris
    number of clusters: 2
    population size parameter: (10, 20)
    max number of generations: 5000
    terminates if no improvement after 500 generations.
2019-04-19 13:42:20,254:INFO: Task name: Fisher Iris
    number of clusters: 3
    population size parameter: (10, 20)
    max number of generations: 5000
    terminates if no improvement after 500 generations.
2019-04-19 13:42:21,621:INFO: Task name: Fisher Iris
    number of clusters: 4
    population size parameter: (10, 20)
    max number of generations: 5000
    terminates if no improvement after 500 generations.
2019-04-19 13:42:22,961:INFO: Task name: Fisher Iris
    number of clusters: 5
    population size parameter: (10, 20)
    max number of generations: 5000
    terminates if no improvement after 500 generations.
2019-04-19 13:42:24,357:INFO: Task name: Fisher Iris
    number of clusters: 6
    population size parameter: (10, 20)
    max number of generations: 5000
    terminates if no improvement after 500 generations.
2019-04-19 13:42:25,737:INFO: Task name: Fisher Iris
    number of clusters: 7
    population size parameter: (10, 20)
    max number of generations: 5000
    terminates if no improvement after 500 generations.
2019-04-19 13:42:27,151:INFO: Task name: Fisher Iris
    number of clusters: 8
    population size parameter: (10, 20)
    max number of generations: 5000
    terminates if no improvement after 500 generations.
2019-04-19 13:42:28,860:INFO: Task name: Fisher Iris
    number of clusters: 9
    population size parameter: (10, 20)
    max number of generations: 5000
    terminates if no improvement after 500 generations.
2019-04-19 13:42:31,918:INFO: Task name: Fisher Iris
    number of clusters: 10
    population size parameter: (10, 20)
    max number of generations: 5000
    terminates if no improvement after 500 generations.
2019-04-19 13:42:33,512:INFO: Task name: Fisher Iris
    number of clusters: 11
    population size parameter: (10, 20)
    max number of generations: 5000
    terminates if no improvement after 500 generations.
2019-04-19 13:42:35,975:INFO: Task name: Congressional Voting
    number of clusters: 2
    population size parameter: (10, 20)
    max number of generations: 5000
    terminates if no improvement after 500 generations.
